# JRE version: OpenJDK Runtime Environment (21.0.3) (build 21.0.3+-12282718-b509.11)
# Java VM: OpenJDK 64-Bit Server VM (21.0.3+-12282718-b509.11, mixed mode, tiered, compressed oops, compressed class ptrs, g1 gc, windows-amd64)
GC Precious Log:
 CardTable entry size: 512
 Card Set container configuration: InlinePtr #cards 4 size 8 Array Of Cards #cards 16 size 48 Howl #buckets 8 coarsen threshold 3686 Howl Bitmap #cards 512 size 80 coarsen threshold 460 Card regions per heap region 1 cards per card region 4096
 CPUs: 4 total, 4 available
 Memory: 32665M
 Large Page Support: Disabled
 NUMA Support: Disabled
 Compressed Oops: Enabled (Zero based)
 Heap Region Size: 2M
 Heap Min Capacity: 8M
 Heap Initial Capacity: 512M
 Heap Max Capacity: 4G
 Pre-touch: Disabled
 Parallel Workers: 4
 Concurrent Workers: 1
 Concurrent Refinement Workers: 4
 Periodic GC: Disabled
Heap:
 garbage-first heap   total 612352K, used 568780K [0x0000000700000000, 0x0000000800000000)
  region size 2048K, 93 young (190464K), 6 survivors (12288K)
 Metaspace       used 208141K, committed 211072K, reserved 1245184K
  class space    used 26906K, committed 28416K, reserved 1048576K
GC Heap History (20 events):
Event: 36.493 GC heap before
{Heap before GC invocations=34 (full 0):
 garbage-first heap   total 454656K, used 384197K [0x0000000700000000, 0x0000000800000000)
  region size 2048K, 85 young (174080K), 9 survivors (18432K)
 Metaspace       used 169631K, committed 172352K, reserved 1245184K
  class space    used 22389K, committed 23744K, reserved 1048576K
}
Event: 36.507 GC heap after
{Heap after GC invocations=35 (full 0):
 garbage-first heap   total 454656K, used 232652K [0x0000000700000000, 0x0000000800000000)
  region size 2048K, 7 young (14336K), 7 survivors (14336K)
 Metaspace       used 169631K, committed 172352K, reserved 1245184K
  class space    used 22389K, committed 23744K, reserved 1048576K
}
Event: 38.806 GC heap before
{Heap before GC invocations=35 (full 0):
 garbage-first heap   total 454656K, used 410828K [0x0000000700000000, 0x0000000800000000)
  region size 2048K, 95 young (194560K), 7 survivors (14336K)
 Metaspace       used 183062K, committed 185856K, reserved 1245184K
  class space    used 23958K, committed 25408K, reserved 1048576K
}
Event: 38.830 GC heap after
{Heap after GC invocations=36 (full 0):
 garbage-first heap   total 454656K, used 241664K [0x0000000700000000, 0x0000000800000000)
  region size 2048K, 11 young (22528K), 11 survivors (22528K)
 Metaspace       used 183062K, committed 185856K, reserved 1245184K
  class space    used 23958K, committed 25408K, reserved 1048576K
}
Event: 40.931 GC heap before
{Heap before GC invocations=36 (full 0):
 garbage-first heap   total 454656K, used 407552K [0x0000000700000000, 0x0000000800000000)
  region size 2048K, 92 young (188416K), 11 survivors (22528K)
 Metaspace       used 183924K, committed 186752K, reserved 1245184K
  class space    used 24034K, committed 25472K, reserved 1048576K
}
Event: 40.963 GC heap after
{Heap after GC invocations=37 (full 0):
 garbage-first heap   total 454656K, used 248529K [0x0000000700000000, 0x0000000800000000)
  region size 2048K, 11 young (22528K), 11 survivors (22528K)
 Metaspace       used 183924K, committed 186752K, reserved 1245184K
  class space    used 24034K, committed 25472K, reserved 1048576K
}
Event: 48.294 GC heap before
{Heap before GC invocations=37 (full 0):
 garbage-first heap   total 454656K, used 406225K [0x0000000700000000, 0x0000000800000000)
  region size 2048K, 88 young (180224K), 11 survivors (22528K)
 Metaspace       used 189943K, committed 192832K, reserved 1245184K
  class space    used 24759K, committed 26240K, reserved 1048576K
}
Event: 48.331 GC heap after
{Heap after GC invocations=38 (full 0):
 garbage-first heap   total 454656K, used 260828K [0x0000000700000000, 0x0000000800000000)
  region size 2048K, 7 young (14336K), 7 survivors (14336K)
 Metaspace       used 189943K, committed 192832K, reserved 1245184K
  class space    used 24759K, committed 26240K, reserved 1048576K
}
Event: 52.397 GC heap before
{Heap before GC invocations=39 (full 0):
 garbage-first heap   total 454656K, used 414428K [0x0000000700000000, 0x0000000800000000)
  region size 2048K, 82 young (167936K), 7 survivors (14336K)
 Metaspace       used 194155K, committed 197120K, reserved 1245184K
  class space    used 25368K, committed 26880K, reserved 1048576K
}
Event: 52.440 GC heap after
{Heap after GC invocations=40 (full 0):
 garbage-first heap   total 454656K, used 278803K [0x0000000700000000, 0x0000000800000000)
  region size 2048K, 10 young (20480K), 10 survivors (20480K)
 Metaspace       used 194155K, committed 197120K, reserved 1245184K
  class space    used 25368K, committed 26880K, reserved 1048576K
}
Event: 55.115 GC heap before
{Heap before GC invocations=40 (full 0):
 garbage-first heap   total 454656K, used 411923K [0x0000000700000000, 0x0000000800000000)
  region size 2048K, 73 young (149504K), 10 survivors (20480K)
 Metaspace       used 196539K, committed 199488K, reserved 1245184K
  class space    used 25575K, committed 27072K, reserved 1048576K
}
Event: 55.184 GC heap after
{Heap after GC invocations=41 (full 0):
 garbage-first heap   total 473088K, used 312320K [0x0000000700000000, 0x0000000800000000)
  region size 2048K, 10 young (20480K), 10 survivors (20480K)
 Metaspace       used 196539K, committed 199488K, reserved 1245184K
  class space    used 25575K, committed 27072K, reserved 1048576K
}
Event: 55.335 GC heap before
{Heap before GC invocations=41 (full 0):
 garbage-first heap   total 473088K, used 312320K [0x0000000700000000, 0x0000000800000000)
  region size 2048K, 12 young (24576K), 10 survivors (20480K)
 Metaspace       used 196540K, committed 199488K, reserved 1245184K
  class space    used 25575K, committed 27072K, reserved 1048576K
}
Event: 55.365 GC heap after
{Heap after GC invocations=42 (full 0):
 garbage-first heap   total 569344K, used 318360K [0x0000000700000000, 0x0000000800000000)
  region size 2048K, 2 young (4096K), 2 survivors (4096K)
 Metaspace       used 196540K, committed 199488K, reserved 1245184K
  class space    used 25575K, committed 27072K, reserved 1048576K
}
Event: 60.971 GC heap before
{Heap before GC invocations=43 (full 0):
 garbage-first heap   total 569344K, used 527256K [0x0000000700000000, 0x0000000800000000)
  region size 2048K, 89 young (182272K), 2 survivors (4096K)
 Metaspace       used 200811K, committed 203776K, reserved 1245184K
  class space    used 25950K, committed 27456K, reserved 1048576K
}
Event: 61.000 GC heap after
{Heap after GC invocations=44 (full 0):
 garbage-first heap   total 569344K, used 340972K [0x0000000700000000, 0x0000000800000000)
  region size 2048K, 12 young (24576K), 12 survivors (24576K)
 Metaspace       used 200811K, committed 203776K, reserved 1245184K
  class space    used 25950K, committed 27456K, reserved 1048576K
}
Event: 63.690 GC heap before
{Heap before GC invocations=44 (full 0):
 garbage-first heap   total 569344K, used 500716K [0x0000000700000000, 0x0000000800000000)
  region size 2048K, 91 young (186368K), 12 survivors (24576K)
 Metaspace       used 202786K, committed 205696K, reserved 1245184K
  class space    used 26163K, committed 27648K, reserved 1048576K
}
Event: 63.715 GC heap after
{Heap after GC invocations=45 (full 0):
 garbage-first heap   total 569344K, used 319132K [0x0000000700000000, 0x0000000800000000)
  region size 2048K, 3 young (6144K), 3 survivors (6144K)
 Metaspace       used 202786K, committed 205696K, reserved 1245184K
  class space    used 26163K, committed 27648K, reserved 1048576K
}
Event: 66.835 GC heap before
{Heap before GC invocations=45 (full 0):
 garbage-first heap   total 569344K, used 491164K [0x0000000700000000, 0x0000000800000000)
  region size 2048K, 89 young (182272K), 3 survivors (6144K)
 Metaspace       used 204459K, committed 207424K, reserved 1245184K
  class space    used 26372K, committed 27904K, reserved 1048576K
}
Event: 66.852 GC heap after
{Heap after GC invocations=46 (full 0):
 garbage-first heap   total 569344K, used 325068K [0x0000000700000000, 0x0000000800000000)
  region size 2048K, 6 young (12288K), 6 survivors (12288K)
 Metaspace       used 204459K, committed 207424K, reserved 1245184K
  class space    used 26372K, committed 27904K, reserved 1048576K
}

